<?xml version="1.0" encoding="UTF-8"?>
<!-- Generated by org.testng.reporters.JUnitXMLReporter -->
<testsuite hostname="cavya" ignored="0" name="trial" tests="5" failures="1" timestamp="25 Feb 2018 16:43:26 GMT" time="63.676" errors="0">
  <testcase name="Login" time="28.199" classname="bootcamp_assignment.Login_TestNG"/>
  <testcase name="flightDetails" time="14.081" classname="bootcamp_assignment.Login_TestNG"/>
  <testcase name="selectFlight" time="3.339" classname="bootcamp_assignment.Login_TestNG"/>
  <testcase name="bookFlight" time="7.526" classname="bootcamp_assignment.Login_TestNG"/>
  <testcase name="flightConfirmation" time="10.451" classname="bootcamp_assignment.Login_TestNG">
    <failure type="org.openqa.selenium.TimeoutException" message="Expected condition failed: waiting for visibility of element located by By.xpath: //input[@name=&amp;apos;passFirst0&amp;apos;] (tried for 10 second(s) with 500 MILLISECONDS interval)">
      <![CDATA[org.openqa.selenium.TimeoutException: Expected condition failed: waiting for visibility of element located by By.xpath: //input[@name='passFirst0'] (tried for 10 second(s) with 500 MILLISECONDS interval)
at org.openqa.selenium.support.ui.WebDriverWait.timeoutException(WebDriverWait.java:82)
at org.openqa.selenium.support.ui.FluentWait.until(FluentWait.java:231)
at bootcamp_assignment.WebActions.conditionalWait(WebActions.java:65)
at bootcamp_assignment.Login_TestNG.flightConfirmation(Login_TestNG.java:115)
Caused by: org.openqa.selenium.NoSuchElementException: Cannot locate an element using By.xpath: //input[@name='passFirst0']
For documentation on this error, please visit: http://seleniumhq.org/exceptions/no_such_element.html
Build info: version: '3.9.1', revision: '63f7b50', time: '2018-02-07T22:42:28.403Z'
System info: host: 'CAVYA', ip: '192.168.1.102', os.name: 'Windows 8.1', os.arch: 'amd64', os.version: '6.3', java.version: '1.8.0_65'
Driver info: driver.version: unknown
at org.openqa.selenium.support.ui.ExpectedConditions.lambda$findElement$0(ExpectedConditions.java:896)
at java.util.Optional.orElseThrow(Unknown Source)
at org.openqa.selenium.support.ui.ExpectedConditions.findElement(ExpectedConditions.java:895)
at org.openqa.selenium.support.ui.ExpectedConditions.access$000(ExpectedConditions.java:44)
at org.openqa.selenium.support.ui.ExpectedConditions$7.apply(ExpectedConditions.java:206)
at org.openqa.selenium.support.ui.ExpectedConditions$7.apply(ExpectedConditions.java:202)
at org.openqa.selenium.support.ui.FluentWait.until(FluentWait.java:208)
... 27 more
... Removed 25 stack frames]]>
    </failure>
  </testcase> <!-- flightConfirmation -->
</testsuite> <!-- trial -->
